<?xml version="1.0" encoding="UTF-8" ?>
<testsuite errors="1" failures="1" hostname="Bobi" name="org.collectd.mx.MBeanSenderTest" tests="3" time="1.132" timestamp="2011-04-22T08:46:45">
  <properties>
[...]
</properties>
  <testcase classname="org.collectd.mx.MBeanSenderTest" name="testJavaLangMBeans" time="0.038">
    <error type="java.lang.NullPointerException">java.lang.NullPointerException
	at org.collectd.protocol.TypesDB.load(Unknown Source)
	at org.collectd.protocol.TypesDB.getInstance(Unknown Source)
	at org.collectd.protocol.PacketWriter.&lt;init&gt;(Unknown Source)
	at org.collectd.protocol.PacketWriter.&lt;init&gt;(Unknown Source)
	at org.collectd.protocol.UdpSender.&lt;init&gt;(Unknown Source)
	at org.collectd.mx.MBeanSender.addDestination(Unknown Source)
	at org.collectd.mx.MBeanSenderTest.setUp(MBeanSenderTest.java:62)
</error>
  </testcase>
  <testcase classname="org.collectd.mx.MBeanSenderTest" name="testJavaLangTemplate" time="0.015">
    <failure type="junit.framework.AssertionFailedError">junit.framework.AssertionFailedError
	at org.collectd.mx.MBeanSenderTest.testJavaLangTemplate(MBeanSenderTest.java:92)
</failure>
  </testcase>
  <testcase classname="org.collectd.mx.MBeanSenderTest" name="testDynamicMBean" time="1.008" />
  <system-out><![CDATA[]]></system-out>
  <system-err><![CDATA[22 avr. 2011 10:46:45 org.collectd.mx.MBeanSenderTest tearDown
INFO: 0 ValueLists dispatched
22 avr. 2011 10:46:45 org.collectd.mx.MBeanSenderTest tearDown
INFO: 0 Notifications dispatched
22 avr. 2011 10:46:46 org.collectd.mx.MBeanSenderTest testDynamicMBean
INFO: MBeanSenderTest:type=dynamic was=0, now=2
22 avr. 2011 10:46:46 org.collectd.mx.MBeanSenderTest tearDown
INFO: 2 ValueLists dispatched
22 avr. 2011 10:46:46 org.collectd.mx.MBeanSenderTest tearDown
INFO: 0 Notifications dispatched
]]></system-err>
</testsuite>
